0 info it worked if it ends with ok
1 verbose cli [ '/home/toasty/.nodenv/versions/0.10.35/bin/node',
1 verbose cli   '/home/toasty/.nodenv/versions/0.10.35/bin/npm',
1 verbose cli   'install',
1 verbose cli   '--save-dev',
1 verbose cli   'mocha',
1 verbose cli   'chai',
1 verbose cli   'chaihttp' ]
2 info using npm@1.4.28
3 info using node@v0.10.35
4 warn package.json may_6_express@0.1.0 No description
5 warn package.json may_6_express@0.1.0 No repository field.
6 warn package.json may_6_express@0.1.0 No README data
7 verbose readDependencies using package.json deps
8 verbose cache add [ 'mocha', null ]
9 verbose cache add name=undefined spec="mocha" args=["mocha",null]
10 verbose parsed url { protocol: null,
10 verbose parsed url   slashes: null,
10 verbose parsed url   auth: null,
10 verbose parsed url   host: null,
10 verbose parsed url   port: null,
10 verbose parsed url   hostname: null,
10 verbose parsed url   hash: null,
10 verbose parsed url   search: null,
10 verbose parsed url   query: null,
10 verbose parsed url   pathname: 'mocha',
10 verbose parsed url   path: 'mocha',
10 verbose parsed url   href: 'mocha' }
11 verbose cache add [ 'chai', null ]
12 verbose cache add name=undefined spec="chai" args=["chai",null]
13 verbose parsed url { protocol: null,
13 verbose parsed url   slashes: null,
13 verbose parsed url   auth: null,
13 verbose parsed url   host: null,
13 verbose parsed url   port: null,
13 verbose parsed url   hostname: null,
13 verbose parsed url   hash: null,
13 verbose parsed url   search: null,
13 verbose parsed url   query: null,
13 verbose parsed url   pathname: 'chai',
13 verbose parsed url   path: 'chai',
13 verbose parsed url   href: 'chai' }
14 verbose cache add [ 'chaihttp', null ]
15 verbose cache add name=undefined spec="chaihttp" args=["chaihttp",null]
16 verbose parsed url { protocol: null,
16 verbose parsed url   slashes: null,
16 verbose parsed url   auth: null,
16 verbose parsed url   host: null,
16 verbose parsed url   port: null,
16 verbose parsed url   hostname: null,
16 verbose parsed url   hash: null,
16 verbose parsed url   search: null,
16 verbose parsed url   query: null,
16 verbose parsed url   pathname: 'chaihttp',
16 verbose parsed url   path: 'chaihttp',
16 verbose parsed url   href: 'chaihttp' }
17 silly lockFile a619da43-mocha mocha
18 verbose lock mocha /home/toasty/.npm/a619da43-mocha.lock
19 silly lockFile 353fd541-chai chai
20 verbose lock chai /home/toasty/.npm/353fd541-chai.lock
21 silly lockFile 45e02a6c-chaihttp chaihttp
22 verbose lock chaihttp /home/toasty/.npm/45e02a6c-chaihttp.lock
23 silly lockFile a619da43-mocha mocha
24 silly lockFile a619da43-mocha mocha
25 silly lockFile 353fd541-chai chai
26 silly lockFile 353fd541-chai chai
27 silly lockFile 45e02a6c-chaihttp chaihttp
28 silly lockFile 45e02a6c-chaihttp chaihttp
29 verbose addNamed [ 'mocha', '' ]
30 verbose addNamed [ null, '*' ]
31 silly lockFile b9899f31-mocha mocha@
32 verbose lock mocha@ /home/toasty/.npm/b9899f31-mocha.lock
33 verbose addNamed [ 'chai', '' ]
34 verbose addNamed [ null, '*' ]
35 silly lockFile 583c5f63-chai chai@
36 verbose lock chai@ /home/toasty/.npm/583c5f63-chai.lock
37 verbose addNamed [ 'chaihttp', '' ]
38 verbose addNamed [ null, '*' ]
39 silly lockFile 0a906b12-chaihttp chaihttp@
40 verbose lock chaihttp@ /home/toasty/.npm/0a906b12-chaihttp.lock
41 silly addNameRange { name: 'mocha', range: '*', hasData: false }
42 silly addNameRange { name: 'chai', range: '*', hasData: false }
43 silly addNameRange { name: 'chaihttp', range: '*', hasData: false }
44 verbose request where is /chaihttp
45 verbose request registry https://registry.npmjs.org/
46 verbose request id 6f33a27a2a4acb42
47 verbose url raw /chaihttp
48 verbose url resolving [ 'https://registry.npmjs.org/', './chaihttp' ]
49 verbose url resolved https://registry.npmjs.org/chaihttp
50 verbose request where is https://registry.npmjs.org/chaihttp
51 info trying registry request attempt 1 at 14:45:43
52 http GET https://registry.npmjs.org/chaihttp
53 verbose request where is /mocha
54 verbose request registry https://registry.npmjs.org/
55 verbose url raw /mocha
56 verbose url resolving [ 'https://registry.npmjs.org/', './mocha' ]
57 verbose url resolved https://registry.npmjs.org/mocha
58 verbose request where is https://registry.npmjs.org/mocha
59 info trying registry request attempt 1 at 14:45:43
60 verbose etag "BD9FFJ7BIO1Z8Y2V8OXAU3EIM"
61 http GET https://registry.npmjs.org/mocha
62 verbose request where is /chai
63 verbose request registry https://registry.npmjs.org/
64 verbose url raw /chai
65 verbose url resolving [ 'https://registry.npmjs.org/', './chai' ]
66 verbose url resolved https://registry.npmjs.org/chai
67 verbose request where is https://registry.npmjs.org/chai
68 info trying registry request attempt 1 at 14:45:43
69 verbose etag "9QU2EFO5JZVYVH0PBIROAULHI"
70 http GET https://registry.npmjs.org/chai
71 http 304 https://registry.npmjs.org/chai
72 silly registry.get cb [ 304,
72 silly registry.get   { date: 'Wed, 06 May 2015 21:45:43 GMT',
72 silly registry.get     via: '1.1 varnish',
72 silly registry.get     'last-modified': 'Wed, 06 May 2015 21:45:43 GMT',
72 silly registry.get     'cache-control': 'max-age=60',
72 silly registry.get     etag: '"9QU2EFO5JZVYVH0PBIROAULHI"',
72 silly registry.get     age: '11',
72 silly registry.get     connection: 'keep-alive',
72 silly registry.get     'x-served-by': 'cache-lax1428-LAX',
72 silly registry.get     'x-cache': 'HIT',
72 silly registry.get     'x-cache-hits': '1',
72 silly registry.get     'x-timer': 'S1430948743.679515,VS0,VE0',
72 silly registry.get     vary: 'Accept' } ]
73 verbose etag https://registry.npmjs.org/chai from cache
74 silly addNameRange number 2 { name: 'chai', range: '*', hasData: true }
75 silly addNameRange versions [ 'chai',
75 silly addNameRange   [ '0.0.1',
75 silly addNameRange     '0.0.2',
75 silly addNameRange     '0.1.0',
75 silly addNameRange     '0.1.1',
75 silly addNameRange     '0.1.2',
75 silly addNameRange     '0.1.3',
75 silly addNameRange     '0.1.4',
75 silly addNameRange     '0.1.5',
75 silly addNameRange     '0.1.6',
75 silly addNameRange     '0.1.7',
75 silly addNameRange     '0.2.0',
75 silly addNameRange     '0.2.1',
75 silly addNameRange     '0.2.2',
75 silly addNameRange     '0.2.3',
75 silly addNameRange     '0.2.4',
75 silly addNameRange     '0.3.0',
75 silly addNameRange     '0.3.1',
75 silly addNameRange     '0.3.2',
75 silly addNameRange     '0.3.3',
75 silly addNameRange     '0.3.4',
75 silly addNameRange     '0.4.0',
75 silly addNameRange     '0.4.1',
75 silly addNameRange     '0.4.2',
75 silly addNameRange     '0.5.0',
75 silly addNameRange     '0.5.1',
75 silly addNameRange     '0.5.2',
75 silly addNameRange     '0.5.3',
75 silly addNameRange     '1.0.0',
75 silly addNameRange     '1.0.1',
75 silly addNameRange     '1.0.2',
75 silly addNameRange     '1.0.3',
75 silly addNameRange     '1.0.4',
75 silly addNameRange     '1.1.0',
75 silly addNameRange     '1.1.1',
75 silly addNameRange     '1.2.0',
75 silly addNameRange     '1.3.0',
75 silly addNameRange     '1.4.0',
75 silly addNameRange     '1.4.1',
75 silly addNameRange     '1.4.2',
75 silly addNameRange     '1.5.0',
75 silly addNameRange     '1.6.0',
75 silly addNameRange     '1.6.1',
75 silly addNameRange     '1.7.0',
75 silly addNameRange     '1.7.1',
75 silly addNameRange     '1.7.2',
75 silly addNameRange     '1.8.0',
75 silly addNameRange     '1.8.1',
75 silly addNameRange     '1.9.0',
75 silly addNameRange     '1.9.1',
75 silly addNameRange     '1.9.2',
75 silly addNameRange     '1.10.0',
75 silly addNameRange     '2.0.0',
75 silly addNameRange     '2.1.0',
75 silly addNameRange     '2.1.1',
75 silly addNameRange     '2.1.2',
75 silly addNameRange     '2.2.0',
75 silly addNameRange     '2.3.0' ] ]
76 verbose addNamed [ 'chai', '2.3.0' ]
77 verbose addNamed [ '2.3.0', '2.3.0' ]
78 silly lockFile dc997df9-chai-2-3-0 chai@2.3.0
79 verbose lock chai@2.3.0 /home/toasty/.npm/dc997df9-chai-2-3-0.lock
80 silly lockFile dc997df9-chai-2-3-0 chai@2.3.0
81 silly lockFile dc997df9-chai-2-3-0 chai@2.3.0
82 silly lockFile 583c5f63-chai chai@
83 silly lockFile 583c5f63-chai chai@
84 http 404 https://registry.npmjs.org/chaihttp
85 verbose headers { server: 'CouchDB/1.5.0 (Erlang OTP/R16B03)',
85 verbose headers   'content-type': 'application/json',
85 verbose headers   'cache-control': 'max-age=0',
85 verbose headers   'content-length': '51',
85 verbose headers   'accept-ranges': 'bytes',
85 verbose headers   date: 'Wed, 06 May 2015 21:45:43 GMT',
85 verbose headers   via: '1.1 varnish',
85 verbose headers   age: '0',
85 verbose headers   connection: 'keep-alive',
85 verbose headers   'x-served-by': 'cache-lax1434-LAX',
85 verbose headers   'x-cache': 'MISS',
85 verbose headers   'x-cache-hits': '0',
85 verbose headers   'x-timer': 'S1430948743.665226,VS0,VE79' }
86 silly registry.get cb [ 404,
86 silly registry.get   { server: 'CouchDB/1.5.0 (Erlang OTP/R16B03)',
86 silly registry.get     'content-type': 'application/json',
86 silly registry.get     'cache-control': 'max-age=0',
86 silly registry.get     'content-length': '51',
86 silly registry.get     'accept-ranges': 'bytes',
86 silly registry.get     date: 'Wed, 06 May 2015 21:45:43 GMT',
86 silly registry.get     via: '1.1 varnish',
86 silly registry.get     age: '0',
86 silly registry.get     connection: 'keep-alive',
86 silly registry.get     'x-served-by': 'cache-lax1434-LAX',
86 silly registry.get     'x-cache': 'MISS',
86 silly registry.get     'x-cache-hits': '0',
86 silly registry.get     'x-timer': 'S1430948743.665226,VS0,VE79' } ]
87 silly lockFile 0a906b12-chaihttp chaihttp@
88 silly lockFile 0a906b12-chaihttp chaihttp@
89 http 200 https://registry.npmjs.org/mocha
90 silly registry.get cb [ 200,
90 silly registry.get   { server: 'CouchDB/1.5.0 (Erlang OTP/R16B03)',
90 silly registry.get     etag: '"44NXX42N65QHFSHF5EF6MX9BU"',
90 silly registry.get     'content-type': 'application/json',
90 silly registry.get     'cache-control': 'max-age=60',
90 silly registry.get     'content-length': '110601',
90 silly registry.get     'accept-ranges': 'bytes',
90 silly registry.get     date: 'Wed, 06 May 2015 21:45:43 GMT',
90 silly registry.get     via: '1.1 varnish',
90 silly registry.get     age: '35',
90 silly registry.get     connection: 'keep-alive',
90 silly registry.get     'x-served-by': 'cache-lax1425-LAX',
90 silly registry.get     'x-cache': 'HIT',
90 silly registry.get     'x-cache-hits': '1',
90 silly registry.get     'x-timer': 'S1430948743.666958,VS0,VE1',
90 silly registry.get     vary: 'Accept' } ]
91 silly addNameRange number 2 { name: 'mocha', range: '*', hasData: true }
92 silly addNameRange versions [ 'mocha',
92 silly addNameRange   [ '0.0.1-alpha1',
92 silly addNameRange     '0.0.1-alpha2',
92 silly addNameRange     '0.0.1-alpha3',
92 silly addNameRange     '0.0.1-alpha4',
92 silly addNameRange     '0.0.1-alpha5',
92 silly addNameRange     '0.0.1-alpha6',
92 silly addNameRange     '0.0.1',
92 silly addNameRange     '0.0.2',
92 silly addNameRange     '0.0.3',
92 silly addNameRange     '0.0.4',
92 silly addNameRange     '0.0.5',
92 silly addNameRange     '0.0.6',
92 silly addNameRange     '0.0.7',
92 silly addNameRange     '0.0.8',
92 silly addNameRange     '0.1.0',
92 silly addNameRange     '0.2.0',
92 silly addNameRange     '0.3.0',
92 silly addNameRange     '0.3.1',
92 silly addNameRange     '0.3.2',
92 silly addNameRange     '0.3.3',
92 silly addNameRange     '0.3.4',
92 silly addNameRange     '0.3.6',
92 silly addNameRange     '0.4.0',
92 silly addNameRange     '0.5.0',
92 silly addNameRange     '0.6.0',
92 silly addNameRange     '0.7.0',
92 silly addNameRange     '0.7.1',
92 silly addNameRange     '0.8.0',
92 silly addNameRange     '0.8.1',
92 silly addNameRange     '0.9.0',
92 silly addNameRange     '0.10.0',
92 silly addNameRange     '0.10.1',
92 silly addNameRange     '0.10.2',
92 silly addNameRange     '0.11.0',
92 silly addNameRange     '0.12.0',
92 silly addNameRange     '0.12.1',
92 silly addNameRange     '0.13.0',
92 silly addNameRange     '0.14.0',
92 silly addNameRange     '0.14.1',
92 silly addNameRange     '1.0.0',
92 silly addNameRange     '1.0.1',
92 silly addNameRange     '1.0.2',
92 silly addNameRange     '1.0.3',
92 silly addNameRange     '1.1.0',
92 silly addNameRange     '1.2.0',
92 silly addNameRange     '1.2.1',
92 silly addNameRange     '1.2.2',
92 silly addNameRange     '1.3.0',
92 silly addNameRange     '1.3.1',
92 silly addNameRange     '1.3.2',
92 silly addNameRange     '1.4.0',
92 silly addNameRange     '1.4.1',
92 silly addNameRange     '1.4.2',
92 silly addNameRange     '1.4.3',
92 silly addNameRange     '1.5.0',
92 silly addNameRange     '1.6.0',
92 silly addNameRange     '1.7.0',
92 silly addNameRange     '1.7.1',
92 silly addNameRange     '1.7.2',
92 silly addNameRange     '1.7.3',
92 silly addNameRange     '1.7.4',
92 silly addNameRange     '1.8.0',
92 silly addNameRange     '1.8.1',
92 silly addNameRange     '1.8.2',
92 silly addNameRange     '1.9.0',
92 silly addNameRange     '1.10.0',
92 silly addNameRange     '1.11.0',
92 silly addNameRange     '1.12.0',
92 silly addNameRange     '1.12.1',
92 silly addNameRange     '1.13.0',
92 silly addNameRange     '1.14.0',
92 silly addNameRange     '1.15.0',
92 silly addNameRange     '1.15.1',
92 silly addNameRange     '1.16.0',
92 silly addNameRange     '1.16.1',
92 silly addNameRange     '1.16.2',
92 silly addNameRange     '1.17.0',
92 silly addNameRange     '1.17.1',
92 silly addNameRange     '1.18.0',
92 silly addNameRange     '1.18.1',
92 silly addNameRange     '1.18.2',
92 silly addNameRange     '1.19.0',
92 silly addNameRange     '1.20.0',
92 silly addNameRange     '1.20.1',
92 silly addNameRange     '1.21.0',
92 silly addNameRange     '1.21.1',
92 silly addNameRange     '1.21.2',
92 silly addNameRange     '1.21.3',
92 silly addNameRange     '1.21.4',
92 silly addNameRange     '1.21.5',
92 silly addNameRange     '2.0.0',
92 silly addNameRange     '2.0.1',
92 silly addNameRange     '2.1.0',
92 silly addNameRange     '2.2.0',
92 silly addNameRange     '2.2.1',
92 silly addNameRange     '2.2.3',
92 silly addNameRange     '2.2.4' ] ]
93 verbose addNamed [ 'mocha', '2.2.4' ]
94 verbose addNamed [ '2.2.4', '2.2.4' ]
95 silly lockFile 8d691304-mocha-2-2-4 mocha@2.2.4
96 verbose lock mocha@2.2.4 /home/toasty/.npm/8d691304-mocha-2-2-4.lock
97 silly lockFile 8d691304-mocha-2-2-4 mocha@2.2.4
98 silly lockFile 8d691304-mocha-2-2-4 mocha@2.2.4
99 silly lockFile b9899f31-mocha mocha@
100 silly lockFile b9899f31-mocha mocha@
101 error 404 404 Not Found: chaihttp
101 error 404
101 error 404 'chaihttp' is not in the npm registry.
101 error 404 You should bug the author to publish it
101 error 404 It was specified as a dependency of 'may_6_express'
101 error 404
101 error 404 Note that you can also install from a
101 error 404 tarball, folder, or http url, or git url.
102 error System Linux 4.0.1-1-ARCH
103 error command "/home/toasty/.nodenv/versions/0.10.35/bin/node" "/home/toasty/.nodenv/versions/0.10.35/bin/npm" "install" "--save-dev" "mocha" "chai" "chaihttp"
104 error cwd /home/toasty/programming/codefellows/sea-d37/may_6_express
105 error node -v v0.10.35
106 error npm -v 1.4.28
107 error code E404
108 verbose exit [ 1, true ]
